{"timestamp":"2025-07-14T11:40:40.532844","level":"info","event":"DAG bundles loaded: dags-folder","logger":"airflow.dag_processing.bundles.manager.DagBundlesManager"}
{"timestamp":"2025-07-14T11:40:40.533231","level":"info","event":"Filling up the DagBag from /opt/airflow/dags/bangalore_home_prices_dag.py","logger":"airflow.models.dagbag.DagBag"}
{"timestamp":"2025-07-14T11:40:40.534572","level":"info","event":"Using MLflow tracking URI: http://mlflow:5000","logger":"root"}
{"timestamp":"2025-07-14T11:40:41.403558","level":"info","event":"Starting model training...","logger":"root"}
{"timestamp":"2025-07-14T11:40:41.738836","level":"info","event":"Connection Retrieved 'aws_default'","logger":"airflow.hooks.base"}
{"timestamp":"2025-07-14T11:40:41.739003","level":"info","event":"AWS Connection (conn_id='aws_default', conn_type='aws') credentials retrieved from login and password.","logger":"airflow.providers.amazon.aws.utils.connection_wrapper.AwsConnectionWrapper"}
{"timestamp":"2025-07-14T11:40:43.635143","level":"info","event":"Preparing features...","logger":"root"}
{"timestamp":"2025-07-14T11:40:43.669350","level":"info","event":"Splitting data into train and test sets...","logger":"root"}
{"timestamp":"2025-07-14T11:40:43.671716","level":"info","event":"MLflow tracking URI set to: http://mlflow:5000","logger":"root"}
{"timestamp":"2025-07-14T11:40:43.703011","level":"info","event":"Created new MLflow experiment: bangalore_home_prices_20250714_114043","logger":"root"}
{"timestamp":"2025-07-14T11:40:44.957706","level":"info","event":"Found credentials in environment variables.","logger":"botocore.credentials"}
{"timestamp":"2025-07-14T11:40:45.762568","level":"info","event":"Logged environment information to MLflow","logger":"root"}
{"timestamp":"2025-07-14T11:40:45.762755","level":"info","event":"No .git directory found; skipping git info logging","logger":"root"}
{"timestamp":"2025-07-14T11:40:46.328261","level":"info","event":"Logged training dataset information to MLflow","logger":"root"}
{"timestamp":"2025-07-14T11:40:46.740005","level":"info","event":"Logged test dataset information to MLflow","logger":"root"}
{"timestamp":"2025-07-14T11:40:46.817772Z","level":"info","event":"🏃 View run righteous-skink-751 at: http://mlflow:5000/#/experiments/3/runs/dbc397e36f1948adaae247aed1885642","chan":"stdout","logger":"task"}
{"timestamp":"2025-07-14T11:40:46.817949Z","level":"info","event":"🧪 View experiment at: http://mlflow:5000/#/experiments/3","chan":"stdout","logger":"task"}
{"timestamp":"2025-07-14T11:40:46.839089","level":"info","event":"Started MLflow run: linear_regression_training","logger":"root"}
{"timestamp":"2025-07-14T11:40:46.839219","level":"info","event":"Training linear_regression...","logger":"root"}
{"timestamp":"2025-07-14T11:40:46.856479","level":"info","event":"linear_regression - RMSE: 49.4351, R²: 0.7797","logger":"root"}
{"timestamp":"2025-07-14T11:40:47.022004","level":"warning","event":"/home/airflow/.local/lib/python3.12/site-packages/mlflow/types/utils.py:452: UserWarning: Hint: Inferred schema contains integer column(s). Integer columns in Python cannot represent missing values. If your input data contains missing values at inference time, it will be encoded as floats and will cause a schema enforcement error. The best way to avoid this problem is to infer the model schema based on a realistic data sample (training dataset) that includes missing values. Alternatively, you can declare integer columns as doubles (float64) whenever these columns may have missing values. See `Handling Integers With Missing Values <https://www.mlflow.org/docs/latest/models.html#handling-integers-with-missing-values>`_ for more details.\n  warnings.warn(\n","logger":"py.warnings"}
{"timestamp":"2025-07-14T11:40:53.204551Z","level":"info","event":"🏃 View run linear_regression_training at: http://mlflow:5000/#/experiments/3/runs/714681571df34096b3e09e4e23f5d4d3","chan":"stdout","logger":"task"}
{"timestamp":"2025-07-14T11:40:53.204736Z","level":"info","event":"🧪 View experiment at: http://mlflow:5000/#/experiments/3","chan":"stdout","logger":"task"}
{"timestamp":"2025-07-14T11:40:53.219463","level":"info","event":"MLflow run ended","logger":"root"}
{"timestamp":"2025-07-14T11:40:53.233872","level":"info","event":"Started MLflow run: lasso_training","logger":"root"}
{"timestamp":"2025-07-14T11:40:53.234023","level":"info","event":"Training lasso...","logger":"root"}
{"timestamp":"2025-07-14T11:40:53.370361","level":"info","event":"lasso - RMSE: 49.9645, R²: 0.7750","logger":"root"}
{"timestamp":"2025-07-14T11:40:53.576878","level":"warning","event":"/home/airflow/.local/lib/python3.12/site-packages/mlflow/types/utils.py:452: UserWarning: Hint: Inferred schema contains integer column(s). Integer columns in Python cannot represent missing values. If your input data contains missing values at inference time, it will be encoded as floats and will cause a schema enforcement error. The best way to avoid this problem is to infer the model schema based on a realistic data sample (training dataset) that includes missing values. Alternatively, you can declare integer columns as doubles (float64) whenever these columns may have missing values. See `Handling Integers With Missing Values <https://www.mlflow.org/docs/latest/models.html#handling-integers-with-missing-values>`_ for more details.\n  warnings.warn(\n","logger":"py.warnings"}
{"timestamp":"2025-07-14T11:40:59.759735Z","level":"info","event":"🏃 View run lasso_training at: http://mlflow:5000/#/experiments/3/runs/2948711082514954b1e5d419e8726e9a","chan":"stdout","logger":"task"}
{"timestamp":"2025-07-14T11:40:59.759867Z","level":"info","event":"🧪 View experiment at: http://mlflow:5000/#/experiments/3","chan":"stdout","logger":"task"}
{"timestamp":"2025-07-14T11:40:59.776439","level":"info","event":"MLflow run ended","logger":"root"}
{"timestamp":"2025-07-14T11:40:59.791927","level":"info","event":"Started MLflow run: ridge_training","logger":"root"}
{"timestamp":"2025-07-14T11:40:59.792037","level":"info","event":"Training ridge...","logger":"root"}
{"timestamp":"2025-07-14T11:40:59.879682","level":"info","event":"ridge - RMSE: 49.4282, R²: 0.7798","logger":"root"}
{"timestamp":"2025-07-14T11:41:00.075850","level":"warning","event":"/home/airflow/.local/lib/python3.12/site-packages/mlflow/types/utils.py:452: UserWarning: Hint: Inferred schema contains integer column(s). Integer columns in Python cannot represent missing values. If your input data contains missing values at inference time, it will be encoded as floats and will cause a schema enforcement error. The best way to avoid this problem is to infer the model schema based on a realistic data sample (training dataset) that includes missing values. Alternatively, you can declare integer columns as doubles (float64) whenever these columns may have missing values. See `Handling Integers With Missing Values <https://www.mlflow.org/docs/latest/models.html#handling-integers-with-missing-values>`_ for more details.\n  warnings.warn(\n","logger":"py.warnings"}
{"timestamp":"2025-07-14T11:41:05.789839Z","level":"info","event":"🏃 View run ridge_training at: http://mlflow:5000/#/experiments/3/runs/a089121fe0ea46a1a9182e4ded3f5d92","chan":"stdout","logger":"task"}
{"timestamp":"2025-07-14T11:41:05.789974Z","level":"info","event":"🧪 View experiment at: http://mlflow:5000/#/experiments/3","chan":"stdout","logger":"task"}
{"timestamp":"2025-07-14T11:41:05.804726","level":"info","event":"MLflow run ended","logger":"root"}
{"timestamp":"2025-07-14T11:41:05.819672","level":"info","event":"Started MLflow run: decision_tree_training","logger":"root"}
{"timestamp":"2025-07-14T11:41:05.819783","level":"info","event":"Training decision_tree...","logger":"root"}
{"timestamp":"2025-07-14T11:41:05.923962","level":"info","event":"decision_tree - RMSE: 53.1711, R²: 0.7452","logger":"root"}
{"timestamp":"2025-07-14T11:41:06.146237","level":"warning","event":"/home/airflow/.local/lib/python3.12/site-packages/mlflow/types/utils.py:452: UserWarning: Hint: Inferred schema contains integer column(s). Integer columns in Python cannot represent missing values. If your input data contains missing values at inference time, it will be encoded as floats and will cause a schema enforcement error. The best way to avoid this problem is to infer the model schema based on a realistic data sample (training dataset) that includes missing values. Alternatively, you can declare integer columns as doubles (float64) whenever these columns may have missing values. See `Handling Integers With Missing Values <https://www.mlflow.org/docs/latest/models.html#handling-integers-with-missing-values>`_ for more details.\n  warnings.warn(\n","logger":"py.warnings"}
{"timestamp":"2025-07-14T11:41:12.303461Z","level":"info","event":"🏃 View run decision_tree_training at: http://mlflow:5000/#/experiments/3/runs/ef64ddecad2a4a98aa1c994637d2ca9b","chan":"stdout","logger":"task"}
{"timestamp":"2025-07-14T11:41:12.303680Z","level":"info","event":"🧪 View experiment at: http://mlflow:5000/#/experiments/3","chan":"stdout","logger":"task"}
{"timestamp":"2025-07-14T11:41:12.313271","level":"info","event":"MLflow run ended","logger":"root"}
{"timestamp":"2025-07-14T11:41:12.329727","level":"info","event":"Started MLflow run: random_forest_training","logger":"root"}
{"timestamp":"2025-07-14T11:41:12.329869","level":"info","event":"Training random_forest...","logger":"root"}
{"timestamp":"2025-07-14T11:41:16.133066","level":"info","event":"random_forest - RMSE: 51.9795, R²: 0.7565","logger":"root"}
{"timestamp":"2025-07-14T11:41:16.361140","level":"warning","event":"/home/airflow/.local/lib/python3.12/site-packages/mlflow/types/utils.py:452: UserWarning: Hint: Inferred schema contains integer column(s). Integer columns in Python cannot represent missing values. If your input data contains missing values at inference time, it will be encoded as floats and will cause a schema enforcement error. The best way to avoid this problem is to infer the model schema based on a realistic data sample (training dataset) that includes missing values. Alternatively, you can declare integer columns as doubles (float64) whenever these columns may have missing values. See `Handling Integers With Missing Values <https://www.mlflow.org/docs/latest/models.html#handling-integers-with-missing-values>`_ for more details.\n  warnings.warn(\n","logger":"py.warnings"}
{"timestamp":"2025-07-14T11:41:29.232924Z","level":"info","event":"🏃 View run random_forest_training at: http://mlflow:5000/#/experiments/3/runs/402a2d7734b44f0588675778a315d2ea","chan":"stdout","logger":"task"}
{"timestamp":"2025-07-14T11:41:29.233070Z","level":"info","event":"🧪 View experiment at: http://mlflow:5000/#/experiments/3","chan":"stdout","logger":"task"}
{"timestamp":"2025-07-14T11:41:29.241821","level":"info","event":"MLflow run ended","logger":"root"}
{"timestamp":"2025-07-14T11:41:29.242760","level":"info","event":"Done. Returned value was: None","logger":"airflow.task.operators.airflow.providers.standard.operators.python.PythonOperator"}
