{"timestamp":"2025-07-14T11:31:20.885977","level":"info","event":"DAG bundles loaded: dags-folder","logger":"airflow.dag_processing.bundles.manager.DagBundlesManager"}
{"timestamp":"2025-07-14T11:31:20.886404","level":"info","event":"Filling up the DagBag from /opt/airflow/dags/bangalore_home_prices_dag.py","logger":"airflow.models.dagbag.DagBag"}
{"timestamp":"2025-07-14T11:31:20.887571","level":"info","event":"Using MLflow tracking URI: http://mlflow:5000","logger":"root"}
{"timestamp":"2025-07-14T11:31:21.738650","level":"info","event":"Starting model training...","logger":"root"}
{"timestamp":"2025-07-14T11:31:22.046357","level":"info","event":"Connection Retrieved 'aws_default'","logger":"airflow.hooks.base"}
{"timestamp":"2025-07-14T11:31:22.046500","level":"info","event":"AWS Connection (conn_id='aws_default', conn_type='aws') credentials retrieved from login and password.","logger":"airflow.providers.amazon.aws.utils.connection_wrapper.AwsConnectionWrapper"}
{"timestamp":"2025-07-14T11:31:23.677028","level":"info","event":"Preparing features...","logger":"root"}
{"timestamp":"2025-07-14T11:31:23.737433","level":"info","event":"Splitting data into train and test sets...","logger":"root"}
{"timestamp":"2025-07-14T11:31:23.739877","level":"info","event":"MLflow tracking URI set to: http://mlflow:5000","logger":"root"}
{"timestamp":"2025-07-14T11:31:23.780954","level":"info","event":"Created new MLflow experiment: bangalore_home_prices_20250714_113123","logger":"root"}
{"timestamp":"2025-07-14T11:31:24.724973","level":"info","event":"Found credentials in environment variables.","logger":"botocore.credentials"}
{"timestamp":"2025-07-14T11:31:25.520800","level":"info","event":"Logged environment information to MLflow","logger":"root"}
{"timestamp":"2025-07-14T11:31:25.524029Z","level":"error","event":"fatal: not a git repository (or any of the parent directories): .git","chan":"stderr","logger":"task"}
{"timestamp":"2025-07-14T11:31:25.524477","level":"warning","event":"Failed to log git info: Command '['git', 'rev-parse', 'HEAD']' returned non-zero exit status 128.","logger":"root"}
{"timestamp":"2025-07-14T11:31:25.926354","level":"info","event":"Logged training dataset information to MLflow","logger":"root"}
{"timestamp":"2025-07-14T11:31:26.606762","level":"info","event":"Logged test dataset information to MLflow","logger":"root"}
{"timestamp":"2025-07-14T11:31:26.682554Z","level":"info","event":"🏃 View run masked-snake-547 at: http://mlflow:5000/#/experiments/1/runs/bf3f4b90ca1a45a4818165afb74f2d05","chan":"stdout","logger":"task"}
{"timestamp":"2025-07-14T11:31:26.682665Z","level":"info","event":"🧪 View experiment at: http://mlflow:5000/#/experiments/1","chan":"stdout","logger":"task"}
{"timestamp":"2025-07-14T11:31:26.708020","level":"info","event":"Started MLflow run: linear_regression_training","logger":"root"}
{"timestamp":"2025-07-14T11:31:26.708116","level":"info","event":"Training linear_regression...","logger":"root"}
{"timestamp":"2025-07-14T11:31:26.721247","level":"info","event":"linear_regression - RMSE: 49.4351, R²: 0.7797","logger":"root"}
{"timestamp":"2025-07-14T11:31:29.847300Z","level":"error","event":"\u001b[31m2025/07/14 11:31:29 WARNING mlflow.models.model: Model logged without a signature and input example. Please set `input_example` parameter when logging the model to auto infer the model signature.\u001b[0m","chan":"stderr","logger":"task"}
{"timestamp":"2025-07-14T11:31:31.950895Z","level":"info","event":"🏃 View run linear_regression_training at: http://mlflow:5000/#/experiments/1/runs/cdebc31079e342ec92b9b96c81d0cfe7","chan":"stdout","logger":"task"}
{"timestamp":"2025-07-14T11:31:31.951005Z","level":"info","event":"🧪 View experiment at: http://mlflow:5000/#/experiments/1","chan":"stdout","logger":"task"}
{"timestamp":"2025-07-14T11:31:31.958981","level":"info","event":"MLflow run ended","logger":"root"}
{"timestamp":"2025-07-14T11:31:31.980424","level":"info","event":"Started MLflow run: lasso_training","logger":"root"}
{"timestamp":"2025-07-14T11:31:31.980536","level":"info","event":"Training lasso...","logger":"root"}
{"timestamp":"2025-07-14T11:31:32.092137","level":"info","event":"lasso - RMSE: 49.9645, R²: 0.7750","logger":"root"}
{"timestamp":"2025-07-14T11:31:34.784587Z","level":"error","event":"\u001b[31m2025/07/14 11:31:34 WARNING mlflow.models.model: Model logged without a signature and input example. Please set `input_example` parameter when logging the model to auto infer the model signature.\u001b[0m","chan":"stderr","logger":"task"}
{"timestamp":"2025-07-14T11:31:37.062768Z","level":"info","event":"🏃 View run lasso_training at: http://mlflow:5000/#/experiments/1/runs/bf6dc03dc3a949a183bfe002f8e26cd5","chan":"stdout","logger":"task"}
{"timestamp":"2025-07-14T11:31:37.062902Z","level":"info","event":"🧪 View experiment at: http://mlflow:5000/#/experiments/1","chan":"stdout","logger":"task"}
{"timestamp":"2025-07-14T11:31:37.077184","level":"info","event":"MLflow run ended","logger":"root"}
{"timestamp":"2025-07-14T11:31:37.098855","level":"info","event":"Started MLflow run: ridge_training","logger":"root"}
{"timestamp":"2025-07-14T11:31:37.098963","level":"info","event":"Training ridge...","logger":"root"}
{"timestamp":"2025-07-14T11:31:37.174576","level":"info","event":"ridge - RMSE: 49.4282, R²: 0.7798","logger":"root"}
{"timestamp":"2025-07-14T11:31:39.824723Z","level":"error","event":"\u001b[31m2025/07/14 11:31:39 WARNING mlflow.models.model: Model logged without a signature and input example. Please set `input_example` parameter when logging the model to auto infer the model signature.\u001b[0m","chan":"stderr","logger":"task"}
{"timestamp":"2025-07-14T11:31:42.492521Z","level":"info","event":"🏃 View run ridge_training at: http://mlflow:5000/#/experiments/1/runs/1723a42eeb9e433796a5d09252adb541","chan":"stdout","logger":"task"}
{"timestamp":"2025-07-14T11:31:42.492708Z","level":"info","event":"🧪 View experiment at: http://mlflow:5000/#/experiments/1","chan":"stdout","logger":"task"}
{"timestamp":"2025-07-14T11:31:42.507475","level":"info","event":"MLflow run ended","logger":"root"}
{"timestamp":"2025-07-14T11:31:42.530946","level":"info","event":"Started MLflow run: decision_tree_training","logger":"root"}
{"timestamp":"2025-07-14T11:31:42.531055","level":"info","event":"Training decision_tree...","logger":"root"}
{"timestamp":"2025-07-14T11:31:42.634330","level":"info","event":"decision_tree - RMSE: 53.1711, R²: 0.7452","logger":"root"}
{"timestamp":"2025-07-14T11:31:45.531580Z","level":"error","event":"\u001b[31m2025/07/14 11:31:45 WARNING mlflow.models.model: Model logged without a signature and input example. Please set `input_example` parameter when logging the model to auto infer the model signature.\u001b[0m","chan":"stderr","logger":"task"}
{"timestamp":"2025-07-14T11:31:47.309992Z","level":"info","event":"🏃 View run decision_tree_training at: http://mlflow:5000/#/experiments/1/runs/30cd624d0bf74657859fadcbadbc5946","chan":"stdout","logger":"task"}
{"timestamp":"2025-07-14T11:31:47.310133Z","level":"info","event":"🧪 View experiment at: http://mlflow:5000/#/experiments/1","chan":"stdout","logger":"task"}
{"timestamp":"2025-07-14T11:31:47.324368","level":"info","event":"MLflow run ended","logger":"root"}
{"timestamp":"2025-07-14T11:31:47.347619","level":"info","event":"Started MLflow run: random_forest_training","logger":"root"}
{"timestamp":"2025-07-14T11:31:47.347727","level":"info","event":"Training random_forest...","logger":"root"}
{"timestamp":"2025-07-14T11:31:51.155851","level":"info","event":"random_forest - RMSE: 51.9795, R²: 0.7565","logger":"root"}
{"timestamp":"2025-07-14T11:31:54.138270Z","level":"error","event":"\u001b[31m2025/07/14 11:31:54 WARNING mlflow.models.model: Model logged without a signature and input example. Please set `input_example` parameter when logging the model to auto infer the model signature.\u001b[0m","chan":"stderr","logger":"task"}
{"timestamp":"2025-07-14T11:31:58.059327Z","level":"info","event":"🏃 View run random_forest_training at: http://mlflow:5000/#/experiments/1/runs/2d00f89b791041ce879a3d28fe814687","chan":"stdout","logger":"task"}
{"timestamp":"2025-07-14T11:31:58.059696Z","level":"info","event":"🧪 View experiment at: http://mlflow:5000/#/experiments/1","chan":"stdout","logger":"task"}
{"timestamp":"2025-07-14T11:31:58.081464","level":"info","event":"MLflow run ended","logger":"root"}
{"timestamp":"2025-07-14T11:31:58.082629","level":"info","event":"Done. Returned value was: None","logger":"airflow.task.operators.airflow.providers.standard.operators.python.PythonOperator"}
